Vivado Simulator 2015.4
Copyright 1986-1999, 2001-2015 Xilinx, Inc. All Rights Reserved.
Running: D:/Xilinx/Vivado/2015.4/bin/unwrapped/win64.o/xelab.exe -wto 934dcbaca86a4af1b40efb6b405cce7a --debug typical --relax --mt 2 -L xbip_utils_v3_0_5 -L c_reg_fd_v12_0_1 -L xbip_dsp48_wrapper_v3_0_4 -L xbip_pipe_v3_0_1 -L xbip_dsp48_addsub_v3_0_1 -L xbip_addsub_v3_0_1 -L c_addsub_v12_0_8 -L xil_defaultlib -L xbip_bram18k_v3_0_1 -L mult_gen_v12_0_10 -L axi_utils_v2_0_1 -L floating_point_v7_0_11 -L xbip_dsp48_mult_v3_0_1 -L xbip_dsp48_multadd_v3_0_1 -L div_gen_v5_1_9 -L blk_mem_gen_v8_3_1 -L unisims_ver -L unimacro_ver -L secureip --snapshot CPU_TEST2_behav xil_defaultlib.CPU_TEST2 xil_defaultlib.glbl -log elaborate.log 
Using 2 slave threads.
Starting static elaboration
WARNING: [VRFC 10-278] actual bit length 1 differs from formal bit length 2 for port forwardA [C:/Users/ThinkPad/Documents/GitHub/MIPSCPU/p_MIPS_CPU/p_MIPS_CPU.srcs/sources_1/new/m_MIPS_CPU.v:324]
WARNING: [VRFC 10-278] actual bit length 1 differs from formal bit length 2 for port forwardB [C:/Users/ThinkPad/Documents/GitHub/MIPSCPU/p_MIPS_CPU/p_MIPS_CPU.srcs/sources_1/new/m_MIPS_CPU.v:325]
Completed static elaboration
Starting simulation data flow analysis
Completed simulation data flow analysis
Time Resolution for simulation is 1ps
Compiling package std.standard
Compiling package ieee.std_logic_1164
Compiling package ieee.numeric_std
Compiling package std.textio
Compiling package ieee.std_logic_arith
Compiling package ieee.std_logic_unsigned
Compiling package synopsys.attributes
Compiling package ieee.std_logic_misc
Compiling package ieee.std_logic_textio
Compiling package c_addsub_v12_0_8.c_addsub_v12_0_8_viv_comp
Compiling package xbip_utils_v3_0_5.xbip_utils_v3_0_5_pkg
Compiling package xbip_pipe_v3_0_1.xbip_pipe_v3_0_1_viv_comp
Compiling package xbip_addsub_v3_0_1.xbip_addsub_v3_0_1_viv_comp
Compiling package c_addsub_v12_0_8.c_addsub_v12_0_8_pkg
Compiling package c_addsub_v12_0_8.c_addsub_v12_0_8_pkg_legacy
Compiling package c_reg_fd_v12_0_1.c_reg_fd_v12_0_1_viv_comp
Compiling package unisim.vcomponents
Compiling package mult_gen_v12_0_10.mult_gen_v12_0_10_viv_comp
Compiling package mult_gen_v12_0_10.mult_gen_v12_0_10_pkg
Compiling package ieee.std_logic_signed
Compiling package ieee.vital_timing
Compiling package ieee.vital_primitives
Compiling package unisim.vpkg
Compiling package div_gen_v5_1_9.div_gen_v5_1_9_viv_comp
Compiling package axi_utils_v2_0_1.axi_utils_v2_0_1_pkg
Compiling package ieee.math_real
Compiling package axi_utils_v2_0_1.global_util_pkg
Compiling package axi_utils_v2_0_1.axi_utils_comps
Compiling package xbip_bram18k_v3_0_1.xbip_bram18k_v3_0_1_pkg
Compiling package div_gen_v5_1_9.div_gen_pkg
Compiling package div_gen_v5_1_9.pkg_addsub
Compiling architecture output_stage_behavioral of entity blk_mem_gen_v8_3_1.blk_mem_gen_v8_3_1_output_stage [\blk_mem_gen_v8_3_1_output_stage...]
Compiling architecture softecc_output_reg_stage_behavioral of entity blk_mem_gen_v8_3_1.blk_mem_gen_v8_3_1_softecc_output_reg_stage [\blk_mem_gen_v8_3_1_softecc_outp...]
Compiling architecture mem_module_behavioral of entity blk_mem_gen_v8_3_1.blk_mem_gen_v8_3_1_mem_module [\blk_mem_gen_v8_3_1_mem_module("...]
Compiling architecture behavioral of entity blk_mem_gen_v8_3_1.blk_mem_gen_v8_3_1 [\blk_mem_gen_v8_3_1("blk_mem_gen...]
Compiling architecture m_programrom_arch of entity xil_defaultlib.m_programRom [m_programrom_default]
Compiling module xil_defaultlib.c_IF
Compiling module xil_defaultlib.m_dffre
Compiling architecture muxcy_v of entity unisim.MUXCY [muxcy_default]
Compiling architecture xorcy_v of entity unisim.XORCY [xorcy_default]
Compiling architecture rtl of entity c_addsub_v12_0_8.c_addsub_v12_0_8_lut6_legacy [\c_addsub_v12_0_8_lut6_legacy(32...]
Compiling architecture synth of entity c_addsub_v12_0_8.c_addsub_v12_0_8_fabric_legacy [\c_addsub_v12_0_8_fabric_legacy(...]
Compiling architecture synth of entity c_addsub_v12_0_8.c_addsub_v12_0_8_legacy [\c_addsub_v12_0_8_legacy("artix7...]
Compiling architecture synth of entity c_addsub_v12_0_8.c_addsub_v12_0_8_viv [\c_addsub_v12_0_8_viv(0,"artix7"...]
Compiling architecture xilinx of entity c_addsub_v12_0_8.c_addsub_v12_0_8 [\c_addsub_v12_0_8(0,"artix7",0,3...]
Compiling architecture branch_adder_arch of entity xil_defaultlib.Branch_adder [branch_adder_default]
Compiling module xil_defaultlib.m_Decoder
Compiling module xil_defaultlib.m_Regs
Compiling module xil_defaultlib.m_ZeroTest
Compiling module xil_defaultlib.m_HazardDetector
Compiling module xil_defaultlib.c_ID
Compiling module xil_defaultlib.m_dffr(Width=1)
Compiling module xil_defaultlib.m_dffr(Width=5)
Compiling module xil_defaultlib.m_dffr(Width=2)
Compiling module xil_defaultlib.m_dffr
Compiling module xil_defaultlib.m_Forward
Compiling architecture rtl of entity c_addsub_v12_0_8.c_addsub_v12_0_8_lut6_legacy [\c_addsub_v12_0_8_lut6_legacy(32...]
Compiling architecture synth of entity c_addsub_v12_0_8.c_addsub_v12_0_8_fabric_legacy [\c_addsub_v12_0_8_fabric_legacy(...]
Compiling architecture synth of entity c_addsub_v12_0_8.c_addsub_v12_0_8_legacy [\c_addsub_v12_0_8_legacy("artix7...]
Compiling architecture synth of entity c_addsub_v12_0_8.c_addsub_v12_0_8_viv [\c_addsub_v12_0_8_viv(0,"artix7"...]
Compiling architecture xilinx of entity c_addsub_v12_0_8.c_addsub_v12_0_8 [\c_addsub_v12_0_8(0,"artix7",0,3...]
Compiling architecture m_addsuber_arch of entity xil_defaultlib.m_addsuber [m_addsuber_default]
Compiling architecture lut2_v of entity unisim.LUT2 [\LUT2("1000")(0,3)\]
Compiling architecture mult_and_v of entity unisim.MULT_AND [mult_and_default]
Compiling architecture xilinx of entity mult_gen_v12_0_10.op_resize [\op_resize(32,32,1,1,0,35,32)\]
Compiling architecture xilinx of entity mult_gen_v12_0_10.luts [\luts("artix7",32,1,32,1,0,0,0,0...]
Compiling architecture xilinx of entity mult_gen_v12_0_10.mult_gen_v12_0_10_viv [\mult_gen_v12_0_10_viv(0,0,1,"ar...]
Compiling architecture xilinx of entity mult_gen_v12_0_10.mult_gen_v12_0_10 [\mult_gen_v12_0_10(0,0,1,"artix7...]
Compiling architecture m_multiplier_arch of entity xil_defaultlib.m_multiplier [m_multiplier_default]
Compiling architecture rtl of entity c_addsub_v12_0_8.c_addsub_v12_0_8_lut6_legacy [\c_addsub_v12_0_8_lut6_legacy(32...]
Compiling architecture synth of entity c_addsub_v12_0_8.c_addsub_v12_0_8_fabric_legacy [\c_addsub_v12_0_8_fabric_legacy(...]
Compiling architecture synth of entity c_addsub_v12_0_8.c_addsub_v12_0_8_legacy [\c_addsub_v12_0_8_legacy("artix7...]
Compiling architecture synth of entity c_addsub_v12_0_8.c_addsub_v12_0_8_viv [\c_addsub_v12_0_8_viv(0,"artix7"...]
Compiling architecture xilinx of entity c_addsub_v12_0_8.c_addsub_v12_0_8 [\c_addsub_v12_0_8(0,"artix7",0,3...]
Compiling architecture mult_adder_arch of entity xil_defaultlib.mult_adder [mult_adder_default]
Compiling architecture rtl of entity c_addsub_v12_0_8.c_addsub_v12_0_8_lut6_legacy [\c_addsub_v12_0_8_lut6_legacy(64...]
Compiling architecture synth of entity c_addsub_v12_0_8.c_addsub_v12_0_8_fabric_legacy [\c_addsub_v12_0_8_fabric_legacy(...]
Compiling architecture synth of entity c_addsub_v12_0_8.c_addsub_v12_0_8_legacy [\c_addsub_v12_0_8_legacy("artix7...]
Compiling architecture synth of entity c_addsub_v12_0_8.c_addsub_v12_0_8_viv [\c_addsub_v12_0_8_viv(0,"artix7"...]
Compiling architecture xilinx of entity c_addsub_v12_0_8.c_addsub_v12_0_8 [\c_addsub_v12_0_8(0,"artix7",0,6...]
Compiling architecture mult_adder64bit_arch of entity xil_defaultlib.mult_adder64bit [mult_adder64bit_default]
Compiling module xil_defaultlib.m_signedMult
Compiling architecture synth of entity xbip_pipe_v3_0_1.xbip_pipe_v3_0_1_viv [\xbip_pipe_v3_0_1_viv(0,0,0,0,0,...]
Compiling architecture synth of entity xbip_pipe_v3_0_1.xbip_pipe_v3_0_1_viv [\xbip_pipe_v3_0_1_viv(0,0,0,0,0,...]
Compiling architecture synth of entity xbip_pipe_v3_0_1.xbip_pipe_v3_0_1_viv [\xbip_pipe_v3_0_1_viv(1,0,0,0,0,...]
Compiling architecture synth of entity xbip_pipe_v3_0_1.xbip_pipe_v3_0_1_viv [\xbip_pipe_v3_0_1_viv(1,0,0,0,0,...]
Compiling architecture rtl of entity div_gen_v5_1_9.c_addsub_lut6 [\c_addsub_lut6(33,2,0,"000000000...]
Compiling architecture synth of entity div_gen_v5_1_9.c_addsub_viv [\c_addsub_viv("no_family",33,33,...]
Compiling architecture virtex of entity div_gen_v5_1_9.addsubreg_v [\addsubreg_v(33,"111111111111111...]
Compiling architecture synth of entity xbip_pipe_v3_0_1.xbip_pipe_v3_0_1_viv [\xbip_pipe_v3_0_1_viv(0,0,0,0,0,...]
Compiling architecture synth of entity xbip_pipe_v3_0_1.xbip_pipe_v3_0_1_viv [\xbip_pipe_v3_0_1_viv(0,0,0,0,0,...]
Compiling architecture synth of entity xbip_pipe_v3_0_1.xbip_pipe_v3_0_1_viv [\xbip_pipe_v3_0_1_viv(0,0,0,0,0,...]
Compiling architecture synth of entity xbip_pipe_v3_0_1.xbip_pipe_v3_0_1_viv [\xbip_pipe_v3_0_1_viv(0,0,0,0,0,...]
Compiling architecture synth of entity xbip_pipe_v3_0_1.xbip_pipe_v3_0_1_viv [\xbip_pipe_v3_0_1_viv(0,0,0,0,0,...]
Compiling architecture synth of entity xbip_pipe_v3_0_1.xbip_pipe_v3_0_1_viv [\xbip_pipe_v3_0_1_viv(0,0,0,0,0,...]
Compiling architecture synth of entity xbip_pipe_v3_0_1.xbip_pipe_v3_0_1_viv [\xbip_pipe_v3_0_1_viv(0,0,0,0,0,...]
Compiling architecture synth of entity xbip_pipe_v3_0_1.xbip_pipe_v3_0_1_viv [\xbip_pipe_v3_0_1_viv(0,0,0,0,0,...]
Compiling architecture synth of entity xbip_pipe_v3_0_1.xbip_pipe_v3_0_1_viv [\xbip_pipe_v3_0_1_viv(0,0,0,0,0,...]
Compiling architecture synth of entity xbip_pipe_v3_0_1.xbip_pipe_v3_0_1_viv [\xbip_pipe_v3_0_1_viv(0,0,0,0,0,...]
Compiling architecture synth of entity xbip_pipe_v3_0_1.xbip_pipe_v3_0_1_viv [\xbip_pipe_v3_0_1_viv(0,0,0,0,0,...]
Compiling architecture synth of entity xbip_pipe_v3_0_1.xbip_pipe_v3_0_1_viv [\xbip_pipe_v3_0_1_viv(0,0,0,0,0,...]
Compiling architecture synth of entity xbip_pipe_v3_0_1.xbip_pipe_v3_0_1_viv [\xbip_pipe_v3_0_1_viv(0,0,0,0,0,...]
Compiling architecture synth of entity xbip_pipe_v3_0_1.xbip_pipe_v3_0_1_viv [\xbip_pipe_v3_0_1_viv(0,0,0,0,0,...]
Compiling architecture synth of entity xbip_pipe_v3_0_1.xbip_pipe_v3_0_1_viv [\xbip_pipe_v3_0_1_viv(0,0,0,0,0,...]
Compiling architecture synth of entity xbip_pipe_v3_0_1.xbip_pipe_v3_0_1_viv [\xbip_pipe_v3_0_1_viv(0,0,0,0,0,...]
Compiling architecture synth of entity xbip_pipe_v3_0_1.xbip_pipe_v3_0_1_viv [\xbip_pipe_v3_0_1_viv(0,0,0,0,0,...]
Compiling architecture synth of entity xbip_pipe_v3_0_1.xbip_pipe_v3_0_1_viv [\xbip_pipe_v3_0_1_viv(0,0,0,0,0,...]
Compiling architecture synth of entity xbip_pipe_v3_0_1.xbip_pipe_v3_0_1_viv [\xbip_pipe_v3_0_1_viv(0,0,0,0,0,...]
Compiling architecture synth of entity xbip_pipe_v3_0_1.xbip_pipe_v3_0_1_viv [\xbip_pipe_v3_0_1_viv(0,0,0,0,0,...]
Compiling architecture synth of entity xbip_pipe_v3_0_1.xbip_pipe_v3_0_1_viv [\xbip_pipe_v3_0_1_viv(0,0,0,0,0,...]
Compiling architecture synth of entity xbip_pipe_v3_0_1.xbip_pipe_v3_0_1_viv [\xbip_pipe_v3_0_1_viv(0,0,0,0,0,...]
Compiling architecture synth of entity xbip_pipe_v3_0_1.xbip_pipe_v3_0_1_viv [\xbip_pipe_v3_0_1_viv(0,0,0,0,0,...]
Compiling architecture synth of entity xbip_pipe_v3_0_1.xbip_pipe_v3_0_1_viv [\xbip_pipe_v3_0_1_viv(0,0,0,0,0,...]
Compiling architecture synth of entity xbip_pipe_v3_0_1.xbip_pipe_v3_0_1_viv [\xbip_pipe_v3_0_1_viv(0,0,0,0,0,...]
Compiling architecture synth of entity xbip_pipe_v3_0_1.xbip_pipe_v3_0_1_viv [\xbip_pipe_v3_0_1_viv(0,0,0,0,0,...]
Compiling architecture synth of entity xbip_pipe_v3_0_1.xbip_pipe_v3_0_1_viv [\xbip_pipe_v3_0_1_viv(0,0,0,0,0,...]
Compiling architecture synth of entity xbip_pipe_v3_0_1.xbip_pipe_v3_0_1_viv [\xbip_pipe_v3_0_1_viv(0,0,0,0,0,...]
Compiling architecture synth of entity xbip_pipe_v3_0_1.xbip_pipe_v3_0_1_viv [\xbip_pipe_v3_0_1_viv(0,0,0,0,0,...]
Compiling architecture synth of entity xbip_pipe_v3_0_1.xbip_pipe_v3_0_1_viv [\xbip_pipe_v3_0_1_viv(0,0,0,0,0,...]
Compiling architecture synth of entity xbip_pipe_v3_0_1.xbip_pipe_v3_0_1_viv [\xbip_pipe_v3_0_1_viv(0,0,0,0,0,...]
Compiling architecture synth of entity xbip_pipe_v3_0_1.xbip_pipe_v3_0_1_viv [\xbip_pipe_v3_0_1_viv(0,0,0,0,0,...]
Compiling architecture synth of entity xbip_pipe_v3_0_1.xbip_pipe_v3_0_1_viv [\xbip_pipe_v3_0_1_viv(0,0,0,0,0,...]
Compiling architecture synth of entity xbip_pipe_v3_0_1.xbip_pipe_v3_0_1_viv [\xbip_pipe_v3_0_1_viv(0,0,0,0,0,...]
Compiling architecture synth of entity xbip_pipe_v3_0_1.xbip_pipe_v3_0_1_viv [\xbip_pipe_v3_0_1_viv(0,0,0,0,0,...]
Compiling architecture synth of entity xbip_pipe_v3_0_1.xbip_pipe_v3_0_1_viv [\xbip_pipe_v3_0_1_viv(0,0,0,0,0,...]
Compiling architecture synth of entity xbip_pipe_v3_0_1.xbip_pipe_v3_0_1_viv [\xbip_pipe_v3_0_1_viv(0,0,0,0,0,...]
Compiling architecture synth of entity xbip_pipe_v3_0_1.xbip_pipe_v3_0_1_viv [\xbip_pipe_v3_0_1_viv(0,0,0,0,0,...]
Compiling architecture synth of entity xbip_pipe_v3_0_1.xbip_pipe_v3_0_1_viv [\xbip_pipe_v3_0_1_viv(0,0,0,0,0,...]
Compiling architecture synth of entity xbip_pipe_v3_0_1.xbip_pipe_v3_0_1_viv [\xbip_pipe_v3_0_1_viv(0,0,0,0,0,...]
Compiling architecture synth of entity xbip_pipe_v3_0_1.xbip_pipe_v3_0_1_viv [\xbip_pipe_v3_0_1_viv(0,0,0,0,0,...]
Compiling architecture synth of entity xbip_pipe_v3_0_1.xbip_pipe_v3_0_1_viv [\xbip_pipe_v3_0_1_viv(0,0,0,0,0,...]
Compiling architecture synth of entity xbip_pipe_v3_0_1.xbip_pipe_v3_0_1_viv [\xbip_pipe_v3_0_1_viv(0,0,0,0,0,...]
Compiling architecture synth of entity xbip_pipe_v3_0_1.xbip_pipe_v3_0_1_viv [\xbip_pipe_v3_0_1_viv(0,0,0,0,0,...]
Compiling architecture synth of entity xbip_pipe_v3_0_1.xbip_pipe_v3_0_1_viv [\xbip_pipe_v3_0_1_viv(0,0,0,0,0,...]
Compiling architecture synth of entity xbip_pipe_v3_0_1.xbip_pipe_v3_0_1_viv [\xbip_pipe_v3_0_1_viv(0,0,0,0,0,...]
Compiling architecture synth of entity xbip_pipe_v3_0_1.xbip_pipe_v3_0_1_viv [\xbip_pipe_v3_0_1_viv(0,0,0,0,0,...]
Compiling architecture synth of entity xbip_pipe_v3_0_1.xbip_pipe_v3_0_1_viv [\xbip_pipe_v3_0_1_viv(0,0,0,0,0,...]
Compiling architecture synth of entity xbip_pipe_v3_0_1.xbip_pipe_v3_0_1_viv [\xbip_pipe_v3_0_1_viv(0,0,0,0,0,...]
Compiling architecture synth of entity xbip_pipe_v3_0_1.xbip_pipe_v3_0_1_viv [\xbip_pipe_v3_0_1_viv(0,0,0,0,0,...]
Compiling architecture synth of entity xbip_pipe_v3_0_1.xbip_pipe_v3_0_1_viv [\xbip_pipe_v3_0_1_viv(0,0,0,0,0,...]
Compiling architecture synth of entity xbip_pipe_v3_0_1.xbip_pipe_v3_0_1_viv [\xbip_pipe_v3_0_1_viv(0,0,0,0,0,...]
Compiling architecture synth of entity xbip_pipe_v3_0_1.xbip_pipe_v3_0_1_viv [\xbip_pipe_v3_0_1_viv(0,0,0,0,0,...]
Compiling architecture synth of entity xbip_pipe_v3_0_1.xbip_pipe_v3_0_1_viv [\xbip_pipe_v3_0_1_viv(0,0,0,0,0,...]
Compiling architecture synth of entity xbip_pipe_v3_0_1.xbip_pipe_v3_0_1_viv [\xbip_pipe_v3_0_1_viv(0,0,0,0,0,...]
Compiling architecture synth of entity xbip_pipe_v3_0_1.xbip_pipe_v3_0_1_viv [\xbip_pipe_v3_0_1_viv(0,0,0,0,0,...]
Compiling architecture synth of entity xbip_pipe_v3_0_1.xbip_pipe_v3_0_1_viv [\xbip_pipe_v3_0_1_viv(0,0,0,0,0,...]
Compiling architecture synth of entity xbip_pipe_v3_0_1.xbip_pipe_v3_0_1_viv [\xbip_pipe_v3_0_1_viv(0,0,0,0,0,...]
Compiling architecture synth of entity xbip_pipe_v3_0_1.xbip_pipe_v3_0_1_viv [\xbip_pipe_v3_0_1_viv(0,0,0,0,0,...]
Compiling architecture synth of entity xbip_pipe_v3_0_1.xbip_pipe_v3_0_1_viv [\xbip_pipe_v3_0_1_viv(0,0,0,0,0,...]
Compiling architecture synth of entity xbip_pipe_v3_0_1.xbip_pipe_v3_0_1_viv [\xbip_pipe_v3_0_1_viv(0,0,0,0,0,...]
Compiling architecture synth of entity xbip_pipe_v3_0_1.xbip_pipe_v3_0_1_viv [\xbip_pipe_v3_0_1_viv(0,0,0,0,0,...]
Compiling architecture synth of entity xbip_pipe_v3_0_1.xbip_pipe_v3_0_1_viv [\xbip_pipe_v3_0_1_viv(1,0,0,0,0,...]
Compiling architecture rtl of entity div_gen_v5_1_9.c_addsub_lut6 [\c_addsub_lut6(33,2,0,"000000000...]
Compiling architecture synth of entity div_gen_v5_1_9.c_addsub_viv [\c_addsub_viv("no_family",33,33,...]
Compiling architecture virtex of entity div_gen_v5_1_9.addsubreg_v [\addsubreg_v(33,"0","0",0,0,0,1,...]
Compiling architecture virtex of entity div_gen_v5_1_9.dividervdc_v [\dividervdc_v(32,32,32,1,0,0,0,0...]
Compiling architecture synth of entity div_gen_v5_1_9.bip_sdivider_synth [\bip_sdivider_synth("artix7",0,1...]
Compiling architecture synth of entity div_gen_v5_1_9.div_gen_synth [\div_gen_synth("artix7",0,0,0,1,...]
Compiling architecture synth of entity xbip_pipe_v3_0_1.xbip_pipe_v3_0_1_viv [\xbip_pipe_v3_0_1_viv(0,1,0,0,0,...]
Compiling architecture synth of entity div_gen_v5_1_9.div_gen_v5_1_9_viv [\div_gen_v5_1_9_viv("artix7",0,0...]
Compiling architecture xilinx of entity div_gen_v5_1_9.div_gen_v5_1_9 [\div_gen_v5_1_9("artix7",0,0,0,1...]
Compiling architecture m_divider_arch of entity xil_defaultlib.m_divider [m_divider_default]
Compiling architecture rtl of entity c_addsub_v12_0_8.c_addsub_v12_0_8_lut6_legacy [\c_addsub_v12_0_8_lut6_legacy(32...]
Compiling architecture synth of entity c_addsub_v12_0_8.c_addsub_v12_0_8_fabric_legacy [\c_addsub_v12_0_8_fabric_legacy(...]
Compiling architecture synth of entity c_addsub_v12_0_8.c_addsub_v12_0_8_legacy [\c_addsub_v12_0_8_legacy("artix7...]
Compiling architecture synth of entity c_addsub_v12_0_8.c_addsub_v12_0_8_viv [\c_addsub_v12_0_8_viv(0,"artix7"...]
Compiling architecture xilinx of entity c_addsub_v12_0_8.c_addsub_v12_0_8 [\c_addsub_v12_0_8(0,"artix7",0,3...]
Compiling architecture c_addsub_arch of entity xil_defaultlib.c_addsub [c_addsub_default]
Compiling module xil_defaultlib.m_signedDiv
Compiling module xil_defaultlib.m_ALU
Compiling module xil_defaultlib.c_EX
Compiling module xil_defaultlib.m_dff
Compiling module xil_defaultlib.m_dff(Width=1)
Compiling module xil_defaultlib.m_dff(Width=2)
Compiling module xil_defaultlib.m_dff(Width=5)
Compiling architecture output_stage_behavioral of entity blk_mem_gen_v8_3_1.blk_mem_gen_v8_3_1_output_stage [\blk_mem_gen_v8_3_1_output_stage...]
Compiling architecture softecc_output_reg_stage_behavioral of entity blk_mem_gen_v8_3_1.blk_mem_gen_v8_3_1_softecc_output_reg_stage [\blk_mem_gen_v8_3_1_softecc_outp...]
Compiling architecture mem_module_behavioral of entity blk_mem_gen_v8_3_1.blk_mem_gen_v8_3_1_mem_module [\blk_mem_gen_v8_3_1_mem_module("...]
Compiling architecture behavioral of entity blk_mem_gen_v8_3_1.blk_mem_gen_v8_3_1 [\blk_mem_gen_v8_3_1("blk_mem_gen...]
Compiling architecture data_ram0_arch of entity xil_defaultlib.data_ram0 [data_ram0_default]
Compiling architecture mem_module_behavioral of entity blk_mem_gen_v8_3_1.blk_mem_gen_v8_3_1_mem_module [\blk_mem_gen_v8_3_1_mem_module("...]
Compiling architecture behavioral of entity blk_mem_gen_v8_3_1.blk_mem_gen_v8_3_1 [\blk_mem_gen_v8_3_1("blk_mem_gen...]
Compiling architecture data_ram1_arch of entity xil_defaultlib.data_ram1 [data_ram1_default]
Compiling architecture mem_module_behavioral of entity blk_mem_gen_v8_3_1.blk_mem_gen_v8_3_1_mem_module [\blk_mem_gen_v8_3_1_mem_module("...]
Compiling architecture behavioral of entity blk_mem_gen_v8_3_1.blk_mem_gen_v8_3_1 [\blk_mem_gen_v8_3_1("blk_mem_gen...]
Compiling architecture data_ram2_arch of entity xil_defaultlib.data_ram2 [data_ram2_default]
Compiling architecture mem_module_behavioral of entity blk_mem_gen_v8_3_1.blk_mem_gen_v8_3_1_mem_module [\blk_mem_gen_v8_3_1_mem_module("...]
Compiling architecture behavioral of entity blk_mem_gen_v8_3_1.blk_mem_gen_v8_3_1 [\blk_mem_gen_v8_3_1("blk_mem_gen...]
Compiling architecture data_ram3_arch of entity xil_defaultlib.data_ram3 [data_ram3_default]
Compiling module xil_defaultlib.m_DataRam
Compiling module xil_defaultlib.m_MIPS_CPU
Compiling module xil_defaultlib.CPU_TEST2
Compiling module xil_defaultlib.glbl
Waiting for 1 sub-compilation(s) to finish...
Built simulation snapshot CPU_TEST2_behav
