INFO: [VRFC 10-163] Analyzing VHDL file "C:/Users/ThinkPad/Documents/GitHub/MIPSCPU/p_MIPS_CPU/p_MIPS_CPU.ip_user_files/ipstatic/xbip_utils_v3_0_5/hdl/xbip_utils_v3_0_vh_rfs.vhd" into library xbip_utils_v3_0_5
INFO: [VRFC 10-163] Analyzing VHDL file "C:/Users/ThinkPad/Documents/GitHub/MIPSCPU/p_MIPS_CPU/p_MIPS_CPU.ip_user_files/ipstatic/c_reg_fd_v12_0_1/hdl/c_reg_fd_v12_0_vh_rfs.vhd" into library c_reg_fd_v12_0_1
INFO: [VRFC 10-307] analyzing entity c_reg_fd_v12_0_1_viv
INFO: [VRFC 10-163] Analyzing VHDL file "C:/Users/ThinkPad/Documents/GitHub/MIPSCPU/p_MIPS_CPU/p_MIPS_CPU.ip_user_files/ipstatic/c_reg_fd_v12_0_1/hdl/c_reg_fd_v12_0.vhd" into library c_reg_fd_v12_0_1
INFO: [VRFC 10-307] analyzing entity c_reg_fd_v12_0_1
INFO: [VRFC 10-163] Analyzing VHDL file "C:/Users/ThinkPad/Documents/GitHub/MIPSCPU/p_MIPS_CPU/p_MIPS_CPU.ip_user_files/ipstatic/xbip_dsp48_wrapper_v3_0_4/hdl/xbip_dsp48_wrapper_v3_0_vh_rfs.vhd" into library xbip_dsp48_wrapper_v3_0_4
INFO: [VRFC 10-307] analyzing entity xbip_dsp48a_wrapper_v3_0
INFO: [VRFC 10-307] analyzing entity xbip_dsp48a1_wrapper_v3_0
INFO: [VRFC 10-307] analyzing entity xbip_dsp48e_wrapper_v3_0
INFO: [VRFC 10-307] analyzing entity xbip_dsp48e1_wrapper_v3_0
INFO: [VRFC 10-307] analyzing entity xbip_dsp48e2_wrapper_v3_0
INFO: [VRFC 10-307] analyzing entity xbip_dsp48_wrapper_v3_0_4
INFO: [VRFC 10-163] Analyzing VHDL file "C:/Users/ThinkPad/Documents/GitHub/MIPSCPU/p_MIPS_CPU/p_MIPS_CPU.ip_user_files/ipstatic/xbip_pipe_v3_0_1/hdl/xbip_pipe_v3_0_vh_rfs.vhd" into library xbip_pipe_v3_0_1
INFO: [VRFC 10-307] analyzing entity xbip_pipe_v3_0_1_viv
INFO: [VRFC 10-163] Analyzing VHDL file "C:/Users/ThinkPad/Documents/GitHub/MIPSCPU/p_MIPS_CPU/p_MIPS_CPU.ip_user_files/ipstatic/xbip_pipe_v3_0_1/hdl/xbip_pipe_v3_0.vhd" into library xbip_pipe_v3_0_1
INFO: [VRFC 10-307] analyzing entity xbip_pipe_v3_0_1
INFO: [VRFC 10-163] Analyzing VHDL file "C:/Users/ThinkPad/Documents/GitHub/MIPSCPU/p_MIPS_CPU/p_MIPS_CPU.ip_user_files/ipstatic/xbip_dsp48_addsub_v3_0_1/hdl/xbip_dsp48_addsub_v3_0_vh_rfs.vhd" into library xbip_dsp48_addsub_v3_0_1
INFO: [VRFC 10-307] analyzing entity xbip_dsp48_addsub_rtl
INFO: [VRFC 10-307] analyzing entity xbip_dsp48_addsub_synth
INFO: [VRFC 10-307] analyzing entity xbip_dsp48_addsub_v3_0_1_viv
INFO: [VRFC 10-163] Analyzing VHDL file "C:/Users/ThinkPad/Documents/GitHub/MIPSCPU/p_MIPS_CPU/p_MIPS_CPU.ip_user_files/ipstatic/xbip_dsp48_addsub_v3_0_1/hdl/xbip_dsp48_addsub_v3_0.vhd" into library xbip_dsp48_addsub_v3_0_1
INFO: [VRFC 10-307] analyzing entity xbip_dsp48_addsub_v3_0_1
INFO: [VRFC 10-163] Analyzing VHDL file "C:/Users/ThinkPad/Documents/GitHub/MIPSCPU/p_MIPS_CPU/p_MIPS_CPU.ip_user_files/ipstatic/xbip_addsub_v3_0_1/hdl/xbip_addsub_v3_0_vh_rfs.vhd" into library xbip_addsub_v3_0_1
INFO: [VRFC 10-307] analyzing entity xbip_addsub_v3_0_1_viv
INFO: [VRFC 10-163] Analyzing VHDL file "C:/Users/ThinkPad/Documents/GitHub/MIPSCPU/p_MIPS_CPU/p_MIPS_CPU.ip_user_files/ipstatic/xbip_addsub_v3_0_1/hdl/xbip_addsub_v3_0.vhd" into library xbip_addsub_v3_0_1
INFO: [VRFC 10-307] analyzing entity xbip_addsub_v3_0_1
INFO: [VRFC 10-163] Analyzing VHDL file "C:/Users/ThinkPad/Documents/GitHub/MIPSCPU/p_MIPS_CPU/p_MIPS_CPU.ip_user_files/ipstatic/c_addsub_v12_0_8/hdl/c_addsub_v12_0_vh_rfs.vhd" into library c_addsub_v12_0_8
INFO: [VRFC 10-307] analyzing entity c_addsub_v12_0_8_lut6_legacy
INFO: [VRFC 10-307] analyzing entity c_addsub_v12_0_8_base_legacy
INFO: [VRFC 10-307] analyzing entity c_addsub_v12_0_8_fabric_legacy
INFO: [VRFC 10-307] analyzing entity c_addsub_v12_0_8_legacy
INFO: [VRFC 10-307] analyzing entity c_addsub_v12_0_8_viv
INFO: [VRFC 10-163] Analyzing VHDL file "C:/Users/ThinkPad/Documents/GitHub/MIPSCPU/p_MIPS_CPU/p_MIPS_CPU.ip_user_files/ipstatic/c_addsub_v12_0_8/hdl/c_addsub_v12_0.vhd" into library c_addsub_v12_0_8
INFO: [VRFC 10-307] analyzing entity c_addsub_v12_0_8
INFO: [VRFC 10-163] Analyzing VHDL file "C:/Users/ThinkPad/Documents/GitHub/MIPSCPU/p_MIPS_CPU/p_MIPS_CPU.srcs/sources_1/ip/c_addsub/sim/c_addsub.vhd" into library xil_defaultlib
INFO: [VRFC 10-307] analyzing entity c_addsub
INFO: [VRFC 10-163] Analyzing VHDL file "C:/Users/ThinkPad/Documents/GitHub/MIPSCPU/p_MIPS_CPU/p_MIPS_CPU.ip_user_files/ipstatic/xbip_bram18k_v3_0_1/hdl/xbip_bram18k_v3_0_vh_rfs.vhd" into library xbip_bram18k_v3_0_1
INFO: [VRFC 10-307] analyzing entity xbip_bram18k_synth
INFO: [VRFC 10-307] analyzing entity xbip_bram18k_rtl
INFO: [VRFC 10-307] analyzing entity xbip_bram18k_v3_0_1_viv
INFO: [VRFC 10-163] Analyzing VHDL file "C:/Users/ThinkPad/Documents/GitHub/MIPSCPU/p_MIPS_CPU/p_MIPS_CPU.ip_user_files/ipstatic/xbip_bram18k_v3_0_1/hdl/xbip_bram18k_v3_0.vhd" into library xbip_bram18k_v3_0_1
INFO: [VRFC 10-307] analyzing entity xbip_bram18k_v3_0_1
INFO: [VRFC 10-163] Analyzing VHDL file "C:/Users/ThinkPad/Documents/GitHub/MIPSCPU/p_MIPS_CPU/p_MIPS_CPU.ip_user_files/ipstatic/mult_gen_v12_0_10/hdl/mult_gen_v12_0_vh_rfs.vhd" into library mult_gen_v12_0_10
INFO: [VRFC 10-307] analyzing entity op_resize
INFO: [VRFC 10-307] analyzing entity delay_line
INFO: [VRFC 10-307] analyzing entity cc_compare
INFO: [VRFC 10-307] analyzing entity luts
INFO: [VRFC 10-307] analyzing entity mult18
INFO: [VRFC 10-307] analyzing entity dsp
INFO: [VRFC 10-307] analyzing entity hybrid
INFO: [VRFC 10-307] analyzing entity ccm_dist_mem
INFO: [VRFC 10-307] analyzing entity ccm_sp_block_mem
INFO: [VRFC 10-307] analyzing entity ccm_dp_block_mem
INFO: [VRFC 10-307] analyzing entity ccm_syncmem
INFO: [VRFC 10-307] analyzing entity ccm_scaled_adder
INFO: [VRFC 10-307] analyzing entity ccm_operation
INFO: [VRFC 10-307] analyzing entity ccm
INFO: [VRFC 10-307] analyzing entity three_input_adder
INFO: [VRFC 10-307] analyzing entity multmxn_lut6
INFO: [VRFC 10-307] analyzing entity mult_gen_v12_0_10_viv
INFO: [VRFC 10-163] Analyzing VHDL file "C:/Users/ThinkPad/Documents/GitHub/MIPSCPU/p_MIPS_CPU/p_MIPS_CPU.ip_user_files/ipstatic/mult_gen_v12_0_10/hdl/mult_gen_v12_0.vhd" into library mult_gen_v12_0_10
INFO: [VRFC 10-307] analyzing entity mult_gen_v12_0_10
INFO: [VRFC 10-163] Analyzing VHDL file "C:/Users/ThinkPad/Documents/GitHub/MIPSCPU/p_MIPS_CPU/p_MIPS_CPU.srcs/sources_1/ip/m_multiplier/sim/m_multiplier.vhd" into library xil_defaultlib
INFO: [VRFC 10-307] analyzing entity m_multiplier
INFO: [VRFC 10-163] Analyzing VHDL file "C:/Users/ThinkPad/Documents/GitHub/MIPSCPU/p_MIPS_CPU/p_MIPS_CPU.ip_user_files/ipstatic/axi_utils_v2_0_1/hdl/axi_utils_v2_0_vh_rfs.vhd" into library axi_utils_v2_0_1
INFO: [VRFC 10-307] analyzing entity glb_srl_fifo
INFO: [VRFC 10-307] analyzing entity glb_ifx_slave
INFO: [VRFC 10-307] analyzing entity glb_ifx_master
INFO: [VRFC 10-307] analyzing entity axi_slave_2to1
INFO: [VRFC 10-307] analyzing entity axi_slave_3to1
INFO: [VRFC 10-307] analyzing entity axi_slave_4to1
INFO: [VRFC 10-163] Analyzing VHDL file "C:/Users/ThinkPad/Documents/GitHub/MIPSCPU/p_MIPS_CPU/p_MIPS_CPU.ip_user_files/ipstatic/floating_point_v7_0_11/hdl/floating_point_v7_0_vh_rfs.vhd" into library floating_point_v7_0_11
INFO: [VRFC 10-307] analyzing entity fdgS
INFO: [VRFC 10-307] analyzing entity fdgW
INFO: [VRFC 10-307] analyzing entity lutV
INFO: [VRFC 10-307] analyzing entity lutS
INFO: [VRFC 10-307] analyzing entity lutN
INFO: [VRFC 10-307] analyzing entity lutNMuxS
INFO: [VRFC 10-307] analyzing entity srl16eS
INFO: [VRFC 10-307] analyzing entity delayS
INFO: [VRFC 10-307] analyzing entity andW
INFO: [VRFC 10-307] analyzing entity orW
INFO: [VRFC 10-307] analyzing entity srl16ew
INFO: [VRFC 10-307] analyzing entity delayW
INFO: [VRFC 10-307] analyzing entity compW
INFO: [VRFC 10-307] analyzing entity addSubW
INFO: [VRFC 10-307] analyzing entity equalW
INFO: [VRFC 10-307] analyzing entity addW
INFO: [VRFC 10-307] analyzing entity mult18
INFO: [VRFC 10-307] analyzing entity cntrlgen
INFO: [VRFC 10-307] analyzing entity cntrlgen2
INFO: [VRFC 10-307] analyzing entity ppGenR8
INFO: [VRFC 10-307] analyzing entity ppGenR8Msb2
INFO: [VRFC 10-307] analyzing entity addSubShGW
INFO: [VRFC 10-307] analyzing entity addSubShFW
INFO: [VRFC 10-307] analyzing entity vmRoundW
INFO: [VRFC 10-307] analyzing entity vmsMultCore
INFO: [VRFC 10-307] analyzing entity wideEmbedMult4
INFO: [VRFC 10-307] analyzing entity wideEmbedMult16
INFO: [VRFC 10-307] analyzing entity wideEmbedMult
INFO: [VRFC 10-307] analyzing entity dsp48MultALine
INFO: [VRFC 10-307] analyzing entity dsp48Mult
INFO: [VRFC 10-307] analyzing entity xMult
INFO: [VRFC 10-307] analyzing entity delay
INFO: [VRFC 10-307] analyzing entity delay_s
INFO: [VRFC 10-307] analyzing entity mux_bus2
INFO: [VRFC 10-307] analyzing entity twos_comp
INFO: [VRFC 10-307] analyzing entity carry_chain
INFO: [VRFC 10-307] analyzing entity mux4
INFO: [VRFC 10-307] analyzing entity compare_gt
INFO: [VRFC 10-307] analyzing entity compare_eq_im
INFO: [VRFC 10-307] analyzing entity compare_ne_im
INFO: [VRFC 10-307] analyzing entity compare_eq
INFO: [VRFC 10-307] analyzing entity compare
INFO: [VRFC 10-307] analyzing entity special_detect
INFO: [VRFC 10-307] analyzing entity norm_zero_det
INFO: [VRFC 10-307] analyzing entity zero_det_sel
INFO: [VRFC 10-307] analyzing entity shift_msb_first
INFO: [VRFC 10-307] analyzing entity flt_dec_op
INFO: [VRFC 10-307] analyzing entity flt_dec_op_lat
INFO: [VRFC 10-307] analyzing entity lead_zero_encode
INFO: [VRFC 10-307] analyzing entity lead_zero_encode_shift
INFO: [VRFC 10-307] analyzing entity dsp48e1_wrapper
INFO: [VRFC 10-307] analyzing entity dsp48e2_wrapper
INFO: [VRFC 10-307] analyzing entity addsub_logic
INFO: [VRFC 10-307] analyzing entity addsub_dsp
INFO: [VRFC 10-307] analyzing entity addsub
INFO: [VRFC 10-307] analyzing entity flt_round_bit
INFO: [VRFC 10-307] analyzing entity renorm_and_round_logic
INFO: [VRFC 10-307] analyzing entity norm_and_round_dsp48e1_sgl
INFO: [VRFC 10-307] analyzing entity norm_and_round_logic
INFO: [VRFC 10-307] analyzing entity alignment
INFO: [VRFC 10-307] analyzing entity normalize
INFO: [VRFC 10-307] analyzing entity align_add_dsp48e1_sgl
INFO: [VRFC 10-307] analyzing entity align_add
INFO: [VRFC 10-307] analyzing entity multadd
INFO: [VRFC 10-307] analyzing entity compare_ge
INFO: [VRFC 10-307] analyzing entity fix_to_flt_conv_exp
INFO: [VRFC 10-307] analyzing entity fix_to_flt_conv
INFO: [VRFC 10-307] analyzing entity flt_to_fix_conv
INFO: [VRFC 10-307] analyzing entity flt_to_flt_conv_exp
INFO: [VRFC 10-307] analyzing entity flt_to_flt_conv
INFO: [VRFC 10-307] analyzing entity fp_cmp
INFO: [VRFC 10-307] analyzing entity flt_sqrt_mant_addsub
INFO: [VRFC 10-307] analyzing entity flt_sqrt_mant
INFO: [VRFC 10-307] analyzing entity flt_sqrt_exp
INFO: [VRFC 10-307] analyzing entity flt_sqrt
INFO: [VRFC 10-307] analyzing entity flt_div_mant_addsub
INFO: [VRFC 10-307] analyzing entity flt_div_mant
INFO: [VRFC 10-307] analyzing entity flt_div_exp
INFO: [VRFC 10-307] analyzing entity flt_div
INFO: [VRFC 10-307] analyzing entity fix_mult_dsp48e1_lat_dbl
INFO: [VRFC 10-307] analyzing entity fix_mult_dsp48e1_sgl
INFO: [VRFC 10-307] analyzing entity fix_mult_dsp48e1_dbl
INFO: [VRFC 10-307] analyzing entity fix_mult_dsp48e2_dbl
INFO: [VRFC 10-307] analyzing entity fix_mult_qq
INFO: [VRFC 10-307] analyzing entity fix_mult_xx
INFO: [VRFC 10-307] analyzing entity fix_mult
INFO: [VRFC 10-307] analyzing entity flt_round_dsp_opt_full
INFO: [VRFC 10-307] analyzing entity flt_round_dsp_opt_part
INFO: [VRFC 10-307] analyzing entity flt_mult_round
INFO: [VRFC 10-307] analyzing entity flt_mult_exp
INFO: [VRFC 10-307] analyzing entity flt_mult
INFO: [VRFC 10-307] analyzing entity flt_add_exp
INFO: [VRFC 10-307] analyzing entity flt_add_logic
INFO: [VRFC 10-307] analyzing entity flt_add_dsp
INFO: [VRFC 10-307] analyzing entity flt_add_lat_align_add
INFO: [VRFC 10-307] analyzing entity flt_add_lat_norm
INFO: [VRFC 10-307] analyzing entity flt_add_lat_exp
INFO: [VRFC 10-307] analyzing entity flt_add_lat
INFO: [VRFC 10-307] analyzing entity flt_add
INFO: [VRFC 10-307] analyzing entity flt_recip_approx
INFO: [VRFC 10-307] analyzing entity flt_recip_nr
INFO: [VRFC 10-307] analyzing entity flt_recip_reduction_calc
INFO: [VRFC 10-307] analyzing entity flt_recip_eval
INFO: [VRFC 10-307] analyzing entity flt_recip_postprocess
INFO: [VRFC 10-307] analyzing entity flt_recip_specialcase
INFO: [VRFC 10-307] analyzing entity flt_recip_recomb
INFO: [VRFC 10-307] analyzing entity flt_recipsqrt_dp_m_calc
INFO: [VRFC 10-307] analyzing entity flt_recip
INFO: [VRFC 10-307] analyzing entity flt_log_addsub
INFO: [VRFC 10-307] analyzing entity flt_log_addsub_taylor_fabric
INFO: [VRFC 10-307] analyzing entity flt_log_addsub_taylor_combiner_fabric
INFO: [VRFC 10-307] analyzing entity flt_log_single_one_detect
INFO: [VRFC 10-307] analyzing entity flt_log_inproc
INFO: [VRFC 10-307] analyzing entity flt_log_exp
INFO: [VRFC 10-307] analyzing entity flt_log_L_block_memory
INFO: [VRFC 10-307] analyzing entity flt_pt_log_L_block
INFO: [VRFC 10-307] analyzing entity flt_log_rr_mul_iter
INFO: [VRFC 10-307] analyzing entity flt_log_rr_mul
INFO: [VRFC 10-307] analyzing entity flt_log_rr
INFO: [VRFC 10-307] analyzing entity flt_log_taylor
INFO: [VRFC 10-307] analyzing entity flt_log_shift_msb_first
INFO: [VRFC 10-307] analyzing entity flt_log_lead_zero_encode
INFO: [VRFC 10-307] analyzing entity flt_log_normalize
INFO: [VRFC 10-307] analyzing entity flt_log_norm
INFO: [VRFC 10-307] analyzing entity flt_log_rnd
INFO: [VRFC 10-307] analyzing entity flt_log_specialcase
INFO: [VRFC 10-307] analyzing entity flt_log_recomb
INFO: [VRFC 10-307] analyzing entity flt_log
INFO: [VRFC 10-307] analyzing entity flt_exp_specialcase
INFO: [VRFC 10-307] analyzing entity flt_exp_recomb
INFO: [VRFC 10-307] analyzing entity flt_exp_ccm
INFO: [VRFC 10-307] analyzing entity flt_exp_e2A
INFO: [VRFC 10-307] analyzing entity flt_exp_dp_poly
INFO: [VRFC 10-307] analyzing entity flt_exp_e2zmzm1
INFO: [VRFC 10-307] analyzing entity flt_exp
INFO: [VRFC 10-307] analyzing entity flt_fma_specialcase
INFO: [VRFC 10-307] analyzing entity flt_fma_round_bit
INFO: [VRFC 10-307] analyzing entity flt_fma_renorm_and_round_logic
INFO: [VRFC 10-307] analyzing entity flt_fma_special_detect
INFO: [VRFC 10-307] analyzing entity flt_fma_add_exp
INFO: [VRFC 10-307] analyzing entity flt_fma_alignment
INFO: [VRFC 10-307] analyzing entity flt_fma_addsub_dsp1
INFO: [VRFC 10-307] analyzing entity flt_fma_addsub_dsp2
INFO: [VRFC 10-307] analyzing entity flt_fma_addsub
INFO: [VRFC 10-307] analyzing entity flt_fma_align_add
INFO: [VRFC 10-307] analyzing entity flt_fma_norm_logic
INFO: [VRFC 10-307] analyzing entity flt_fma_add_logic
INFO: [VRFC 10-307] analyzing entity flt_fma_add
INFO: [VRFC 10-307] analyzing entity flt_fma_mul
INFO: [VRFC 10-307] analyzing entity flt_fma
INFO: [VRFC 10-307] analyzing entity flt_accum_flt_to_fix
INFO: [VRFC 10-307] analyzing entity flt_accum_bit_encode
INFO: [VRFC 10-307] analyzing entity flt_accum
INFO: [VRFC 10-307] analyzing entity floating_point_v7_0_11_viv
INFO: [VRFC 10-307] analyzing entity floating_point_v7_0_11
INFO: [VRFC 10-163] Analyzing VHDL file "C:/Users/ThinkPad/Documents/GitHub/MIPSCPU/p_MIPS_CPU/p_MIPS_CPU.ip_user_files/ipstatic/xbip_dsp48_mult_v3_0_1/hdl/xbip_dsp48_mult_v3_0_vh_rfs.vhd" into library xbip_dsp48_mult_v3_0_1
INFO: [VRFC 10-307] analyzing entity xbip_dsp48_mult_rtl
INFO: [VRFC 10-307] analyzing entity xbip_dsp48_mult_synth
INFO: [VRFC 10-307] analyzing entity xbip_dsp48_mult_v3_0_1_viv
INFO: [VRFC 10-163] Analyzing VHDL file "C:/Users/ThinkPad/Documents/GitHub/MIPSCPU/p_MIPS_CPU/p_MIPS_CPU.ip_user_files/ipstatic/xbip_dsp48_mult_v3_0_1/hdl/xbip_dsp48_mult_v3_0.vhd" into library xbip_dsp48_mult_v3_0_1
INFO: [VRFC 10-307] analyzing entity xbip_dsp48_mult_v3_0_1
INFO: [VRFC 10-163] Analyzing VHDL file "C:/Users/ThinkPad/Documents/GitHub/MIPSCPU/p_MIPS_CPU/p_MIPS_CPU.ip_user_files/ipstatic/xbip_dsp48_multadd_v3_0_1/hdl/xbip_dsp48_multadd_v3_0_vh_rfs.vhd" into library xbip_dsp48_multadd_v3_0_1
INFO: [VRFC 10-307] analyzing entity xbip_dsp48_multadd_rtl
INFO: [VRFC 10-307] analyzing entity xbip_dsp48_multadd_synth
INFO: [VRFC 10-307] analyzing entity xbip_dsp48_multadd_v3_0_1_viv
INFO: [VRFC 10-163] Analyzing VHDL file "C:/Users/ThinkPad/Documents/GitHub/MIPSCPU/p_MIPS_CPU/p_MIPS_CPU.ip_user_files/ipstatic/xbip_dsp48_multadd_v3_0_1/hdl/xbip_dsp48_multadd_v3_0.vhd" into library xbip_dsp48_multadd_v3_0_1
INFO: [VRFC 10-307] analyzing entity xbip_dsp48_multadd_v3_0_1
INFO: [VRFC 10-163] Analyzing VHDL file "C:/Users/ThinkPad/Documents/GitHub/MIPSCPU/p_MIPS_CPU/p_MIPS_CPU.ip_user_files/ipstatic/div_gen_v5_1_9/hdl/div_gen_v5_1_vh_rfs.vhd" into library div_gen_v5_1_9
INFO: [VRFC 10-307] analyzing entity c_addsub_lut6
INFO: [VRFC 10-307] analyzing entity c_addsub_viv
INFO: [VRFC 10-307] analyzing entity c_twos_comp_viv
INFO: [VRFC 10-307] analyzing entity cmp2s_v
INFO: [VRFC 10-307] analyzing entity addsubreg_v
INFO: [VRFC 10-307] analyzing entity dividervdc_v
INFO: [VRFC 10-307] analyzing entity div_lutmult
INFO: [VRFC 10-307] analyzing entity bip_sdivider_synth
INFO: [VRFC 10-307] analyzing entity fixed_to_float
INFO: [VRFC 10-307] analyzing entity flow_ctrl
INFO: [VRFC 10-307] analyzing entity estimator
INFO: [VRFC 10-307] analyzing entity prescaler
INFO: [VRFC 10-307] analyzing entity prenormalizer
INFO: [VRFC 10-307] analyzing entity iterative_unit
INFO: [VRFC 10-307] analyzing entity quot_addsub
INFO: [VRFC 10-307] analyzing entity quotient_collector
INFO: [VRFC 10-307] analyzing entity hrdiv_viv
INFO: [VRFC 10-307] analyzing entity div_gen_synth
INFO: [VRFC 10-307] analyzing entity div_gen_v5_1_9_viv
INFO: [VRFC 10-163] Analyzing VHDL file "C:/Users/ThinkPad/Documents/GitHub/MIPSCPU/p_MIPS_CPU/p_MIPS_CPU.ip_user_files/ipstatic/div_gen_v5_1_9/hdl/div_gen_v5_1.vhd" into library div_gen_v5_1_9
INFO: [VRFC 10-307] analyzing entity div_gen_v5_1_9
INFO: [VRFC 10-163] Analyzing VHDL file "C:/Users/ThinkPad/Documents/GitHub/MIPSCPU/p_MIPS_CPU/p_MIPS_CPU.srcs/sources_1/ip/m_divider/sim/m_divider.vhd" into library xil_defaultlib
INFO: [VRFC 10-307] analyzing entity m_divider
INFO: [VRFC 10-163] Analyzing VHDL file "C:/Users/ThinkPad/Documents/GitHub/MIPSCPU/p_MIPS_CPU/p_MIPS_CPU.srcs/sources_1/ip/mult_adder64bit/sim/mult_adder64bit.vhd" into library xil_defaultlib
INFO: [VRFC 10-307] analyzing entity mult_adder64bit
INFO: [VRFC 10-163] Analyzing VHDL file "C:/Users/ThinkPad/Documents/GitHub/MIPSCPU/p_MIPS_CPU/p_MIPS_CPU.srcs/sources_1/ip/mult_adder/sim/mult_adder.vhd" into library xil_defaultlib
INFO: [VRFC 10-307] analyzing entity mult_adder
INFO: [VRFC 10-163] Analyzing VHDL file "C:/Users/ThinkPad/Documents/GitHub/MIPSCPU/p_MIPS_CPU/p_MIPS_CPU.srcs/sources_1/ip/m_addsuber/sim/m_addsuber.vhd" into library xil_defaultlib
INFO: [VRFC 10-307] analyzing entity m_addsuber
INFO: [VRFC 10-163] Analyzing VHDL file "C:/Users/ThinkPad/Documents/GitHub/MIPSCPU/p_MIPS_CPU/p_MIPS_CPU.ip_user_files/ipstatic/blk_mem_gen_v8_3_1/simulation/blk_mem_gen_v8_3.vhd" into library blk_mem_gen_v8_3_1
INFO: [VRFC 10-307] analyzing entity blk_mem_axi_regs_fwd_v8_3
INFO: [VRFC 10-307] analyzing entity blk_mem_axi_write_wrapper_beh
INFO: [VRFC 10-307] analyzing entity write_netlist
INFO: [VRFC 10-307] analyzing entity blk_mem_axi_read_wrapper_beh
INFO: [VRFC 10-307] analyzing entity read_netlist
INFO: [VRFC 10-307] analyzing entity blk_mem_gen_v8_3_1_output_stage
INFO: [VRFC 10-307] analyzing entity blk_mem_gen_v8_3_1_softecc_output_reg_stage
INFO: [VRFC 10-307] analyzing entity blk_mem_gen_v8_3_1_mem_module
INFO: [VRFC 10-307] analyzing entity blk_mem_gen_v8_3_1
INFO: [VRFC 10-307] analyzing entity beh_ff_clr
INFO: [VRFC 10-307] analyzing entity beh_ff_ce
INFO: [VRFC 10-307] analyzing entity beh_ff_pre
INFO: [VRFC 10-307] analyzing entity beh_muxf7
INFO: [VRFC 10-307] analyzing entity STATE_LOGIC
INFO: [VRFC 10-163] Analyzing VHDL file "C:/Users/ThinkPad/Documents/GitHub/MIPSCPU/p_MIPS_CPU/p_MIPS_CPU.srcs/sources_1/ip/m_programRom/sim/m_programRom.vhd" into library xil_defaultlib
INFO: [VRFC 10-307] analyzing entity m_programRom
INFO: [VRFC 10-163] Analyzing VHDL file "C:/Users/ThinkPad/Documents/GitHub/MIPSCPU/p_MIPS_CPU/p_MIPS_CPU.srcs/sources_1/ip/data_ram3/sim/data_ram3.vhd" into library xil_defaultlib
INFO: [VRFC 10-307] analyzing entity data_ram3
INFO: [VRFC 10-163] Analyzing VHDL file "C:/Users/ThinkPad/Documents/GitHub/MIPSCPU/p_MIPS_CPU/p_MIPS_CPU.srcs/sources_1/ip/data_ram2/sim/data_ram2.vhd" into library xil_defaultlib
INFO: [VRFC 10-307] analyzing entity data_ram2
INFO: [VRFC 10-163] Analyzing VHDL file "C:/Users/ThinkPad/Documents/GitHub/MIPSCPU/p_MIPS_CPU/p_MIPS_CPU.srcs/sources_1/ip/data_ram1/sim/data_ram1.vhd" into library xil_defaultlib
INFO: [VRFC 10-307] analyzing entity data_ram1
INFO: [VRFC 10-163] Analyzing VHDL file "C:/Users/ThinkPad/Documents/GitHub/MIPSCPU/p_MIPS_CPU/p_MIPS_CPU.srcs/sources_1/ip/data_ram0/sim/data_ram0.vhd" into library xil_defaultlib
INFO: [VRFC 10-307] analyzing entity data_ram0
INFO: [VRFC 10-163] Analyzing VHDL file "C:/Users/ThinkPad/Documents/GitHub/MIPSCPU/p_MIPS_CPU/p_MIPS_CPU.srcs/sources_1/ip/Branch_adder/sim/Branch_adder.vhd" into library xil_defaultlib
INFO: [VRFC 10-307] analyzing entity Branch_adder
