#-----------------------------------------------------------
# Vivado v2015.4 (64-bit)
# SW Build 1412921 on Wed Nov 18 09:43:45 MST 2015
# IP Build 1412160 on Tue Nov 17 13:47:24 MST 2015
# Start of session at: Thu Oct 12 16:50:47 2017
# Process ID: 8928
# Current directory: C:/Users/ThinkPad/Documents/GitHub/MIPSCPU/p_MIPS_CPU
# Command line: vivado.exe -gui_launcher_event rodinguilauncherevent8624 C:\Users\ThinkPad\Documents\GitHub\MIPSCPU\p_MIPS_CPU\p_MIPS_CPU.xpr
# Log file: C:/Users/ThinkPad/Documents/GitHub/MIPSCPU/p_MIPS_CPU/vivado.log
# Journal file: C:/Users/ThinkPad/Documents/GitHub/MIPSCPU/p_MIPS_CPU\vivado.jou
#-----------------------------------------------------------
start_gui
open_project C:/Users/ThinkPad/Documents/GitHub/MIPSCPU/p_MIPS_CPU/p_MIPS_CPU.xpr
Scanning sources...
Finished scanning sources
INFO: [IP_Flow 19-234] Refreshing IP repositories
INFO: [IP_Flow 19-1704] No user IP repositories specified
INFO: [IP_Flow 19-2313] Loaded Vivado IP repository 'D:/Xilinx/Vivado/2015.4/data/ip'.
INFO: [Common 17-41] Interrupt caught. Command should exit soon.
****** Webtalk v2015.4 (64-bit)
  **** SW Build 1412921 on Wed Nov 18 09:43:45 MST 2015
  **** IP Build 1412160 on Tue Nov 17 13:47:24 MST 2015
    ** Copyright 1986-2015 Xilinx, Inc. All Rights Reserved.

source C:/Users/ThinkPad/Documents/GitHub/MIPSCPU/p_MIPS_CPU/p_MIPS_CPU.hw/webtalk/labtool_webtalk.tcl -notrace
webtalk_transmit: Time (s): cpu = 00:00:00 ; elapsed = 00:01:08 . Memory (MB): peak = 50.379 ; gain = 0.000
INFO: [Common 17-206] Exiting Webtalk at Thu Oct 12 16:52:06 2017...
INFO: [Common 17-344] 'open_project' was cancelled
exit
INFO: [Common 17-206] Exiting Vivado at Thu Oct 12 16:53:03 2017...
